#
# There is insufficient memory for the Java Runtime Environment to continue.
# Native memory allocation (malloc) failed to allocate 32744 bytes for ChunkPool::allocate
# Possible reasons:
#   The system is out of physical RAM or swap space
#   The process is running with CompressedOops enabled, and the Java Heap may be blocking the growth of the native heap
# Possible solutions:
#   Reduce memory load on the system
#   Increase physical memory or swap space
#   Check if swap backing store is full
#   Decrease Java heap size (-Xmx/-Xms)
#   Decrease number of Java threads
#   Decrease Java thread stack sizes (-Xss)
#   Set larger code cache with -XX:ReservedCodeCacheSize=
#   JVM is running with Unscaled Compressed Oops mode in which the Java heap is
#     placed in the first 4GB address space. The Java Heap base address is the
#     maximum limit for the native heap growth. Please use -XX:HeapBaseMinAddress
#     to set the Java Heap base and to place the Java Heap above 4GB virtual address.
# This output file may be truncated or incomplete.
#
#  Out of Memory Error (allocation.cpp:272), pid=5100, tid=0x0000000000001cbc
#
# JRE version: Java(TM) SE Runtime Environment (8.0_221-b11) (build 1.8.0_221-b11)
# Java VM: Java HotSpot(TM) 64-Bit Server VM (25.221-b11 mixed mode windows-amd64 compressed oops)
# Failed to write core dump. Minidumps are not enabled by default on client versions of Windows
#

---------------  T H R E A D  ---------------

Current thread (0x0000000056966000):  JavaThread "C1 CompilerThread2" daemon [_thread_in_native, id=7356, stack(0x0000000057490000,0x0000000057590000)]

Stack: [0x0000000057490000,0x0000000057590000]
[error occurred during error reporting (printing stack bounds), id 0xc0000005]

Native frames: (J=compiled Java code, j=interpreted, Vv=VM code, C=native code)


Current CompileTask:
C1:  16346  683   !   3       java.awt.DefaultKeyboardFocusManager::dispatchEvent (1645 bytes)


---------------  P R O C E S S  ---------------

Java Threads: ( => current thread )
  0x0000000057a3b000 JavaThread "TimerQueue" daemon [_thread_blocked, id=5548, stack(0x00000000599e0000,0x0000000059ae0000)]
  0x0000000056cba000 JavaThread "D3D Screen Updater" daemon [_thread_blocked, id=5696, stack(0x000000005af20000,0x000000005b020000)]
  0x0000000057af1000 JavaThread "AWT-EventQueue-0" [_thread_blocked, id=6668, stack(0x0000000059bb0000,0x0000000059cb0000)]
  0x0000000056b10800 JavaThread "AWT-Windows" daemon [_thread_in_native, id=2816, stack(0x00000000577a0000,0x00000000578a0000)]
  0x0000000056b0e800 JavaThread "AWT-Shutdown" [_thread_blocked, id=5124, stack(0x0000000057380000,0x0000000057480000)]
  0x0000000056b3e000 JavaThread "Java2D Disposer" daemon [_thread_blocked, id=2544, stack(0x00000000575a0000,0x00000000576a0000)]
  0x0000000056988800 JavaThread "Service Thread" daemon [_thread_blocked, id=7668, stack(0x00000000576a0000,0x00000000577a0000)]
=>0x0000000056966000 JavaThread "C1 CompilerThread2" daemon [_thread_in_native, id=7356, stack(0x0000000057490000,0x0000000057590000)]
  0x0000000056908000 JavaThread "C2 CompilerThread1" daemon [_thread_blocked, id=2748, stack(0x0000000057240000,0x0000000057340000)]
  0x0000000056907000 JavaThread "C2 CompilerThread0" daemon [_thread_blocked, id=6836, stack(0x0000000057020000,0x0000000057120000)]
  0x00000000568e4800 JavaThread "Monitor Ctrl-Break" daemon [_thread_in_native, id=6788, stack(0x00000000564d0000,0x00000000565d0000)]
  0x0000000055365000 JavaThread "Attach Listener" daemon [_thread_blocked, id=5584, stack(0x0000000056f10000,0x0000000057010000)]
  0x0000000055364000 JavaThread "Signal Dispatcher" daemon [_thread_blocked, id=4944, stack(0x0000000056da0000,0x0000000056ea0000)]
  0x000000005534b000 JavaThread "Finalizer" daemon [_thread_blocked, id=3624, stack(0x00000000567c0000,0x00000000568c0000)]
  0x0000000055344000 JavaThread "Reference Handler" daemon [_thread_blocked, id=6312, stack(0x0000000056660000,0x0000000056760000)]
  0x00000000026ff800 JavaThread "main" [_thread_in_native, id=6316, stack(0x00000000029d0000,0x0000000002ad0000)]

Other Threads:
  0x00000000552fc800 VMThread [stack: 0x00000000563a0000,0x00000000564a0000] [id=3292]
  0x00000000569ad800 WatcherThread [stack: 0x0000000057910000,0x0000000057a10000] [id=8020]

VM state:not at safepoint (normal execution)

VM Mutex/Monitor currently owned by a thread: None

heap address: 0x00000000c0400000, size: 1020 MB, Compressed Oops mode: 32-bit
Narrow klass base: 0x0000000000000000, Narrow klass shift: 0
Compressed class space size: 1073741824 Address: 0x0000000014970000

Heap:
 PSYoungGen      total 18944K, used 12564K [0x00000000eac00000, 0x00000000ec100000, 0x0000000100000000)
  eden space 16384K, 76% used [0x00000000eac00000,0x00000000eb845078,0x00000000ebc00000)
  from space 2560K, 0% used [0x00000000ebe80000,0x00000000ebe80000,0x00000000ec100000)
  to   space 2560K, 0% used [0x00000000ebc00000,0x00000000ebc00000,0x00000000ebe80000)
 ParOldGen       total 44032K, used 0K [0x00000000c0400000, 0x00000000c2f00000, 0x00000000eac00000)
  object space 44032K, 0% used [0x00000000c0400000,0x00000000c0400000,0x00000000c2f00000)
 Metaspace       used 11240K, capacity 11470K, committed 11776K, reserved 1058816K
  class space    used 1384K, capacity 1451K, committed 1536K, reserved 1048576K

Card table byte_map: [0x0000000011e90000,0x0000000012090000] byte_map_base: 0x000000001188e000

Marking Bits: (ParMarkBitMap*) 0x0000000063145ce0
 Begin Bits: [0x0000000012790000, 0x0000000013780000)
 End Bits:   [0x0000000013780000, 0x0000000014770000)

Polling page: 0x0000000000130000

CodeCache: size=245760Kb used=2474Kb max_used=2474Kb free=243285Kb
 bounds [0x0000000002ad0000, 0x0000000002d40000, 0x0000000011ad0000]
 total_blobs=1169 nmethods=681 adapters=401
 compilation: enabled

Compilation events (10 events):
Event: 16.248 Thread 0x0000000056966000 nmethod 677 0x0000000002d38510 code [0x0000000002d38720, 0x0000000002d39598]
Event: 16.285 Thread 0x0000000056966000  679       3       java.awt.event.InvocationEvent::<init> (13 bytes)
Event: 16.285 Thread 0x0000000056966000 nmethod 679 0x0000000002d39bd0 code [0x0000000002d39d40, 0x0000000002d39ee8]
Event: 16.285 Thread 0x0000000056966000  680       3       java.awt.event.InvocationEvent::<init> (52 bytes)
Event: 16.285 Thread 0x0000000056966000 nmethod 680 0x0000000002d39f90 code [0x0000000002d3a100, 0x0000000002d3a368]
Event: 16.304 Thread 0x0000000056966000  681   !   3       java.util.concurrent.locks.AbstractQueuedSynchronizer::acquireQueued (93 bytes)
Event: 16.305 Thread 0x0000000056966000 nmethod 681 0x0000000002d3a410 code [0x0000000002d3a640, 0x0000000002d3b158]
Event: 16.305 Thread 0x0000000056966000  682       3       sun.awt.SunToolkit::isTouchKeyboardAutoShowEnabled (4 bytes)
Event: 16.305 Thread 0x0000000056966000 nmethod 682 0x0000000002d3b7d0 code [0x0000000002d3b920, 0x0000000002d3ba70]
Event: 16.314 Thread 0x0000000056966000  683   !   3       java.awt.DefaultKeyboardFocusManager::dispatchEvent (1645 bytes)

GC Heap History (0 events):
No events

Deoptimization events (1 events):
Event: 1.385 Thread 0x00000000026ff800 Uncommon trap: reason=null_check action=make_not_entrant pc=0x0000000002c1ff90 method=java.lang.String.equals(Ljava/lang/Object;)Z @ 8

Classes redefined (0 events):
No events

Internal exceptions (10 events):
Event: 0.044 Thread 0x00000000026ff800 Exception <a 'java/lang/NoSuchMethodError': Method sun.misc.Unsafe.prefetchRead(Ljava/lang/Object;J)V name or signature does not match> (0x00000000eac07fa0) thrown at [C:\re\workspace\8-2-build-windows-amd64-cygwin\jdk8u221\13320\hotspot\src\share\vm\prim
Event: 0.340 Thread 0x00000000026ff800 Exception <a 'java/security/PrivilegedActionException'> (0x00000000eae34230) thrown at [C:\re\workspace\8-2-build-windows-amd64-cygwin\jdk8u221\13320\hotspot\src\share\vm\prims\jvm.cpp, line 1502]
Event: 0.340 Thread 0x00000000026ff800 Exception <a 'java/security/PrivilegedActionException'> (0x00000000eae34440) thrown at [C:\re\workspace\8-2-build-windows-amd64-cygwin\jdk8u221\13320\hotspot\src\share\vm\prims\jvm.cpp, line 1502]
Event: 0.341 Thread 0x00000000026ff800 Exception <a 'java/security/PrivilegedActionException'> (0x00000000eae38350) thrown at [C:\re\workspace\8-2-build-windows-amd64-cygwin\jdk8u221\13320\hotspot\src\share\vm\prims\jvm.cpp, line 1502]
Event: 0.341 Thread 0x00000000026ff800 Exception <a 'java/security/PrivilegedActionException'> (0x00000000eae38560) thrown at [C:\re\workspace\8-2-build-windows-amd64-cygwin\jdk8u221\13320\hotspot\src\share\vm\prims\jvm.cpp, line 1502]
Event: 0.440 Thread 0x00000000026ff800 Exception <a 'java/io/FileNotFoundException'> (0x00000000eae48bf8) thrown at [C:\re\workspace\8-2-build-windows-amd64-cygwin\jdk8u221\13320\hotspot\src\share\vm\prims\jni.cpp, line 710]
Event: 0.480 Thread 0x00000000026ff800 Exception <a 'java/lang/NoSuchFieldError': method resolution failed> (0x00000000eaf7a260) thrown at [C:\re\workspace\8-2-build-windows-amd64-cygwin\jdk8u221\13320\hotspot\src\share\vm\prims\methodHandles.cpp, line 1167]
Event: 0.482 Thread 0x00000000026ff800 Exception <a 'java/lang/NoSuchFieldError': method resolution failed> (0x00000000eaf880d8) thrown at [C:\re\workspace\8-2-build-windows-amd64-cygwin\jdk8u221\13320\hotspot\src\share\vm\prims\methodHandles.cpp, line 1167]
Event: 0.546 Thread 0x00000000026ff800 Exception <a 'java/io/FileNotFoundException'> (0x00000000eb0e7418) thrown at [C:\re\workspace\8-2-build-windows-amd64-cygwin\jdk8u221\13320\hotspot\src\share\vm\prims\jni.cpp, line 710]
Event: 1.385 Thread 0x00000000026ff800 Implicit null exception at 0x0000000002c1fdd2 to 0x0000000002c1ff81

Events (10 events):
Event: 7.634 loading class sun/reflect/UnsafeBooleanFieldAccessorImpl
Event: 7.634 loading class sun/reflect/UnsafeBooleanFieldAccessorImpl done
Event: 14.280 loading class sun/awt/im/CompositionAreaHandler
Event: 14.280 loading class sun/awt/im/CompositionAreaHandler done
Event: 14.280 loading class java/text/AttributedString
Event: 14.280 loading class java/text/AttributedString done
Event: 14.280 loading class java/text/AttributedString$AttributedStringIterator
Event: 14.281 loading class java/text/AttributedCharacterIterator
Event: 14.281 loading class java/text/AttributedCharacterIterator done
Event: 14.281 loading class java/text/AttributedString$AttributedStringIterator done


Dynamic libraries:
0x000000013fe30000 - 0x000000013fe67000 	C:\Program Files\Java\jdk1.8.0_221\bin\java.exe
0x0000000077720000 - 0x00000000778c9000 	C:\Windows\SYSTEM32\ntdll.dll
0x0000000077600000 - 0x000000007771f000 	C:\Windows\system32\kernel32.dll
0x000007fefd5b0000 - 0x000007fefd61b000 	C:\Windows\system32\KERNELBASE.dll
0x000007feff180000 - 0x000007feff25b000 	C:\Windows\system32\ADVAPI32.dll
0x000007fefe270000 - 0x000007fefe30f000 	C:\Windows\system32\msvcrt.dll
0x000007fefda90000 - 0x000007fefdaaf000 	C:\Windows\SYSTEM32\sechost.dll
0x000007fefdcd0000 - 0x000007fefddfd000 	C:\Windows\system32\RPCRT4.dll
0x0000000077500000 - 0x00000000775fa000 	C:\Windows\system32\USER32.dll
0x000007fefdab0000 - 0x000007fefdb17000 	C:\Windows\system32\GDI32.dll
0x000007feff170000 - 0x000007feff17e000 	C:\Windows\system32\LPK.dll
0x000007feff570000 - 0x000007feff639000 	C:\Windows\system32\USP10.dll
0x000007fefbbf0000 - 0x000007fefbde4000 	C:\Windows\WinSxS\amd64_microsoft.windows.common-controls_6595b64144ccf1df_6.0.7601.17514_none_fa396087175ac9ac\COMCTL32.dll
0x000007feff4f0000 - 0x000007feff561000 	C:\Windows\system32\SHLWAPI.dll
0x000007feff820000 - 0x000007feff84e000 	C:\Windows\system32\IMM32.DLL
0x000007fefdb20000 - 0x000007fefdc29000 	C:\Windows\system32\MSCTF.dll
0x000000006f3a0000 - 0x000000006f472000 	C:\Program Files\Java\jdk1.8.0_221\jre\bin\msvcr100.dll
0x0000000062920000 - 0x00000000631c5000 	C:\Program Files\Java\jdk1.8.0_221\jre\bin\server\jvm.dll
0x000007fef5410000 - 0x000007fef5419000 	C:\Windows\system32\WSOCK32.dll
0x000007fefe390000 - 0x000007fefe3dd000 	C:\Windows\system32\WS2_32.dll
0x000007fefe030000 - 0x000007fefe038000 	C:\Windows\system32\NSI.dll
0x000007fef9fa0000 - 0x000007fef9fdb000 	C:\Windows\system32\WINMM.dll
0x000007fefc640000 - 0x000007fefc64c000 	C:\Windows\system32\VERSION.dll
0x00000000778e0000 - 0x00000000778e7000 	C:\Windows\system32\PSAPI.DLL
0x000007fefbaa0000 - 0x000007fefbaaf000 	C:\Program Files\Java\jdk1.8.0_221\jre\bin\verify.dll
0x000007fef1680000 - 0x000007fef16a9000 	C:\Program Files\Java\jdk1.8.0_221\jre\bin\java.dll
0x000007fef12d0000 - 0x000007fef12f3000 	C:\Program Files\Java\jdk1.8.0_221\jre\bin\instrument.dll
0x000007fef25d0000 - 0x000007fef25e6000 	C:\Program Files\Java\jdk1.8.0_221\jre\bin\zip.dll
0x000007fefe3e0000 - 0x000007feff168000 	C:\Windows\system32\SHELL32.dll
0x000007fefe040000 - 0x000007fefe243000 	C:\Windows\system32\ole32.dll
0x000007fefd500000 - 0x000007fefd50f000 	C:\Windows\system32\profapi.dll
0x000007fef1390000 - 0x000007fef13aa000 	C:\Program Files\JetBrains\IntelliJ IDEA Community Edition 2019.3.4\bin\breakgen64.dll
0x000007fef25b0000 - 0x000007fef25ca000 	C:\Program Files\Java\jdk1.8.0_221\jre\bin\net.dll
0x000007fefd930000 - 0x000007fefda89000 	C:\Windows\system32\urlmon.dll
0x000007fefd760000 - 0x000007fefd764000 	C:\Windows\system32\api-ms-win-downlevel-ole32-l1-1-0.dll
0x000007fefd740000 - 0x000007fefd744000 	C:\Windows\system32\api-ms-win-downlevel-shlwapi-l1-1-0.dll
0x000007fefd670000 - 0x000007fefd675000 	C:\Windows\system32\api-ms-win-downlevel-advapi32-l1-1-0.dll
0x000007fefd620000 - 0x000007fefd624000 	C:\Windows\system32\api-ms-win-downlevel-user32-l1-1-0.dll
0x000007fefd750000 - 0x000007fefd754000 	C:\Windows\system32\api-ms-win-downlevel-version-l1-1-0.dll
0x000007fefd770000 - 0x000007fefd773000 	C:\Windows\system32\api-ms-win-downlevel-normaliz-l1-1-0.dll
0x00000000778f0000 - 0x00000000778f3000 	C:\Windows\system32\normaliz.DLL
0x000007feff260000 - 0x000007feff4ec000 	C:\Windows\system32\iertutil.dll
0x000007fefde00000 - 0x000007fefe02d000 	C:\Windows\system32\WININET.dll
0x000007fefcd30000 - 0x000007fefcd85000 	C:\Windows\system32\mswsock.dll
0x000007fefcd20000 - 0x000007fefcd27000 	C:\Windows\System32\wship6.dll
0x000007fee94f0000 - 0x000007fee9689000 	C:\Program Files\Java\jdk1.8.0_221\jre\bin\awt.dll
0x000007feff740000 - 0x000007feff817000 	C:\Windows\system32\OLEAUT32.dll
0x000007fefb600000 - 0x000007fefb618000 	C:\Windows\system32\DWMAPI.DLL
0x000007fef6f70000 - 0x000007fef708d000 	C:\Windows\system32\opengl32.dll
0x000007fef6f40000 - 0x000007fef6f6d000 	C:\Windows\system32\GLU32.dll
0x000007fef6e40000 - 0x000007fef6f31000 	C:\Windows\system32\DDRAW.dll
0x000007fef6e30000 - 0x000007fef6e38000 	C:\Windows\system32\DCIMAN32.dll
0x000007feff850000 - 0x000007feffa27000 	C:\Windows\system32\SETUPAPI.dll
0x000007fefd8f0000 - 0x000007fefd926000 	C:\Windows\system32\CFGMGR32.dll
0x000007fefd720000 - 0x000007fefd73a000 	C:\Windows\system32\DEVOBJ.dll
0x000007fefba20000 - 0x000007fefba76000 	C:\Windows\system32\uxtheme.dll
0x000007fefd3f0000 - 0x000007fefd3ff000 	C:\Windows\system32\CRYPTBASE.dll
0x000007fee92f0000 - 0x000007fee94ef000 	C:\Windows\system32\d3d9.dll
0x000007fefb310000 - 0x000007fefb317000 	C:\Windows\system32\d3d8thk.dll
0x000007fee81b0000 - 0x000007fee92e7000 	C:\Windows\system32\nvd3dumx.dll
0x000007fefbf70000 - 0x000007fefbf9c000 	C:\Windows\system32\powrprof.dll
0x0000000180000000 - 0x0000000180139000 	C:\Program Files (x86)\NVIDIA Corporation\3D Vision\nvSCPAPI64.dll
0x000007feed480000 - 0x000007feed4c9000 	C:\Program Files\Java\jdk1.8.0_221\jre\bin\fontmanager.dll
0x000007fef1660000 - 0x000007fef1672000 	C:\Program Files\Java\jdk1.8.0_221\jre\bin\nio.dll
0x000007feed430000 - 0x000007feed472000 	C:\Program Files\Java\jdk1.8.0_221\jre\bin\t2k.dll
0x000007feff640000 - 0x000007feff6d9000 	C:\Windows\system32\CLBCatQ.DLL
0x000007fefb430000 - 0x000007fefb591000 	C:\Windows\system32\WindowsCodecs.dll
0x000007fefd390000 - 0x000007fefd3e7000 	C:\Windows\system32\apphelp.dll
0x000007fef9850000 - 0x000007fef9885000 	C:\Windows\system32\EhStorShell.dll
0x000007fefbdf0000 - 0x000007fefbf1c000 	C:\Windows\system32\PROPSYS.dll
0x000007fef97d0000 - 0x000007fef9850000 	C:\Windows\system32\ntshrui.dll
0x000007fefd0f0000 - 0x000007fefd113000 	C:\Windows\system32\srvcli.dll
0x000007fef9f90000 - 0x000007fef9f9f000 	C:\Windows\system32\cscapi.dll
0x000007fefb120000 - 0x000007fefb12b000 	C:\Windows\system32\slc.dll

VM Arguments:
jvm_args: -javaagent:C:\Program Files\JetBrains\IntelliJ IDEA Community Edition 2019.3.4\lib\idea_rt.jar=58139:C:\Program Files\JetBrains\IntelliJ IDEA Community Edition 2019.3.4\bin -Dfile.encoding=UTF-8 
java_command: Main
java_class_path (initial): C:\Program Files\Java\jdk1.8.0_221\jre\lib\charsets.jar;C:\Program Files\Java\jdk1.8.0_221\jre\lib\deploy.jar;C:\Program Files\Java\jdk1.8.0_221\jre\lib\ext\access-bridge-64.jar;C:\Program Files\Java\jdk1.8.0_221\jre\lib\ext\cldrdata.jar;C:\Program Files\Java\jdk1.8.0_221\jre\lib\ext\dnsns.jar;C:\Program Files\Java\jdk1.8.0_221\jre\lib\ext\jaccess.jar;C:\Program Files\Java\jdk1.8.0_221\jre\lib\ext\jfxrt.jar;C:\Program Files\Java\jdk1.8.0_221\jre\lib\ext\localedata.jar;C:\Program Files\Java\jdk1.8.0_221\jre\lib\ext\nashorn.jar;C:\Program Files\Java\jdk1.8.0_221\jre\lib\ext\sunec.jar;C:\Program Files\Java\jdk1.8.0_221\jre\lib\ext\sunjce_provider.jar;C:\Program Files\Java\jdk1.8.0_221\jre\lib\ext\sunmscapi.jar;C:\Program Files\Java\jdk1.8.0_221\jre\lib\ext\sunpkcs11.jar;C:\Program Files\Java\jdk1.8.0_221\jre\lib\ext\zipfs.jar;C:\Program Files\Java\jdk1.8.0_221\jre\lib\javaws.jar;C:\Program Files\Java\jdk1.8.0_221\jre\lib\jce.jar;C:\Program Files\Java\jdk1.8.0_221\jre\lib\jfr.jar;C:\Program Files\Java\jdk1.8.0_221\jre\lib\jfxswt.jar;C:\Program Files\Java\jdk1.8.0_221\jre\lib\jsse.jar;C:\Program Files\Java\jdk1.8.0_221\jre\lib\management-agent.jar;C:\Program Files\Java\jdk1.8.0_221\jre\lib\plugin.jar;C:\Program Files\Java\jdk1.8.0_221\jre\lib\resources.jar;C:\Program Files\Java\jdk1.8.0_221\jre\lib\rt.jar;C:\Users\Denis\IdeaProjects\GameRiddles\out\production\GameRiddles;C:\Program Files\JetBrains\IntelliJ IDEA Community Edition 2019.3.4\lib\idea_rt.jar
Launcher Type: SUN_STANDARD

Environment Variables:
JAVA_HOME=C:\Program Files\Java\jdk1.8.0_221
PATH=C:\Windows\system32;C:\Windows;C:\Windows\System32\Wbem;C:\Program Files\Git\cmd;C:\Program Files (x86)\Java\jre1.8.0_45\bin
USERNAME=Denis
OS=Windows_NT
PROCESSOR_IDENTIFIER=Intel64 Family 6 Model 42 Stepping 7, GenuineIntel



---------------  S Y S T E M  ---------------

OS: Windows 7 , 64 bit Build 7601 (6.1.7601.18015)

CPU:total 4 (initial active 4) (4 cores per cpu, 1 threads per core) family 6 model 42 stepping 7, cmov, cx8, fxsr, mmx, sse, sse2, sse3, ssse3, sse4.1, sse4.2, popcnt, avx, aes, clmul, tsc, tscinvbit

Memory: 4k page, physical 4176524k(838504k free), swap 4789064k(5084k free)

vm_info: Java HotSpot(TM) 64-Bit Server VM (25.221-b11) for windows-amd64 JRE (1.8.0_221-b11), built on Jul  4 2019 04:39:29 by "java_re" with MS VC++ 10.0 (VS2010)

time: Sat Apr 11 01:08:06 2020
timezone: Московское время (зима)
elapsed time: 16 seconds (0d 0h 0m 16s)

